app/build/outputs/logs/manifest-merger-debug-report.txt
-- Merging decision tree log ---
manifest
ADDED from src\main\AndroidManifest.xml:2:1-50:12
	package
		ADDED from src\main\AndroidManifest.xml:3:5-42
		INJECTED from src\main\AndroidManifest.xml
		INJECTED from src\main\AndroidManifest.xml
	android:sharedUserId
		ADDED from src\main\AndroidManifest.xml:4:5-46
	android:versionName
		INJECTED from src\main\AndroidManifest.xml
		INJECTED from src\main\AndroidManifest.xml
	xmlns:android
		ADDED from src\main\AndroidManifest.xml:2:11-69
	android:versionCode
		INJECTED from src\main\AndroidManifest.xml
		INJECTED from src\main\AndroidManifest.xml
uses-permission#android.permission.INTERNET
ADDED from src\main\AndroidManifest.xml:6:5-67
MERGED from [com.lzy.net:okgo:2.1.3] AndroidManifest.xml:11:5-67
	android:name
		ADDED from src\main\AndroidManifest.xml:6:22-64
uses-permission#android.permission.GET_PACKAGE_SIZE
ADDED from src\main\AndroidManifest.xml:7:5-75
	android:name
		ADDED from src\main\AndroidManifest.xml:7:22-72
uses-permission#android.permission.READ_EXTERNAL_STORAGE
ADDED from src\main\AndroidManifest.xml:8:5-80
MERGED from [com.lzy.net:okgo:2.1.3] AndroidManifest.xml:12:5-80
	android:name
		ADDED from src\main\AndroidManifest.xml:8:22-77
uses-permission#android.permission.WRITE_EXTERNAL_STORAGE
ADDED from src\main\AndroidManifest.xml:9:5-81
MERGED from [com.lzy.net:okgo:2.1.3] AndroidManifest.xml:13:5-81
	android:name
		ADDED from src\main\AndroidManifest.xml:9:22-78
uses-permission#android.permission.INSTALL_PACKAGES
ADDED from src\main\AndroidManifest.xml:10:5-75
	android:name
		ADDED from src\main\AndroidManifest.xml:10:22-72
uses-permission#android.permission.DELETE_PACKAGES
ADDED from src\main\AndroidManifest.xml:11:5-74
	android:name
		ADDED from src\main\AndroidManifest.xml:11:22-71
uses-permission#android.permission.MOUNT_UNMOUNT_FILESYSTEMS
ADDED from src\main\AndroidManifest.xml:12:5-84
MERGED from [com.lzy.net:okgo:2.1.3] AndroidManifest.xml:14:5-84
	android:name
		ADDED from src\main\AndroidManifest.xml:12:22-81
uses-permission#android.permission.RECEIVE_BOOT_COMPLETED
ADDED from src\main\AndroidManifest.xml:13:5-81
	android:name
		ADDED from src\main\AndroidManifest.xml:13:22-78
uses-feature#android.software.leanback
ADDED from src\main\AndroidManifest.xml:16:5-18:36
	android:required
		ADDED from src\main\AndroidManifest.xml:18:9-33
	android:name
		ADDED from src\main\AndroidManifest.xml:17:9-49
uses-feature#android.hardware.touchscreen
ADDED from src\main\AndroidManifest.xml:19:5-21:36
	android:required
		ADDED from src\main\AndroidManifest.xml:21:9-33
	android:name
		ADDED from src\main\AndroidManifest.xml:20:9-52
application
ADDED from src\main\AndroidManifest.xml:23:5-48:19
MERGED from [com.android.support:leanback-v17:24.2.1] AndroidManifest.xml:22:5-20
MERGED from [com.android.support:appcompat-v7:24.2.1] AndroidManifest.xml:25:5-20
MERGED from [com.android.support:support-v4:24.2.1] AndroidManifest.xml:25:5-20
MERGED from [com.android.support:support-fragment:24.2.1] AndroidManifest.xml:25:5-20
MERGED from [com.android.support:support-media-compat:24.2.1] AndroidManifest.xml:25:5-20
MERGED from [com.android.support:support-core-utils:24.2.1] AndroidManifest.xml:25:5-20
MERGED from [com.android.support:animated-vector-drawable:24.2.1] AndroidManifest.xml:22:5-20
MERGED from [com.android.support:support-vector-drawable:24.2.1] AndroidManifest.xml:23:5-20
MERGED from [com.android.support:support-core-ui:24.2.1] AndroidManifest.xml:25:5-20
MERGED from [com.android.support:support-compat:24.2.1] AndroidManifest.xml:25:5-20
MERGED from [de.hdodenhof:circleimageview:2.1.0] AndroidManifest.xml:9:5-20
MERGED from [com.lzy.net:okserver:1.1.2] AndroidManifest.xml:11:5-13:19
MERGED from [org.litepal.android:core:1.4.0] AndroidManifest.xml:11:5-14:19
	android:label
		ADDED from src\main\AndroidManifest.xml:27:9-41
	android:supportsRtl
		ADDED from src\main\AndroidManifest.xml:28:9-35
	android:allowBackup
		ADDED from src\main\AndroidManifest.xml:25:9-35
	android:icon
		ADDED from src\main\AndroidManifest.xml:26:9-43
	android:theme
		ADDED from src\main\AndroidManifest.xml:29:9-40
	android:name
		ADDED from src\main\AndroidManifest.xml:24:9-65
activity#com.xugaoxiang.ott.appstore.module.MainActivity
ADDED from src\main\AndroidManifest.xml:30:9-46:20
	android:screenOrientation
		ADDED from src\main\AndroidManifest.xml:36:13-50
	android:label
		ADDED from src\main\AndroidManifest.xml:34:13-45
	android:icon
		ADDED from src\main\AndroidManifest.xml:33:13-47
	android:banner
		ADDED from src\main\AndroidManifest.xml:32:13-49
	android:logo
		ADDED from src\main\AndroidManifest.xml:35:13-47
	android:name
		ADDED from src\main\AndroidManifest.xml:31:13-75
intent-filter#android.intent.action.MAIN+android.intent.category.DEFAULT+android.intent.category.LAUNCHER+com.longjingtech.ott.appstore.ui.MainActivity
ADDED from src\main\AndroidManifest.xml:37:13-45:29
action#android.intent.action.MAIN
ADDED from src\main\AndroidManifest.xml:38:17-69
	android:name
		ADDED from src\main\AndroidManifest.xml:38:25-66
category#android.intent.category.LAUNCHER
ADDED from src\main\AndroidManifest.xml:40:17-77
	android:name
		ADDED from src\main\AndroidManifest.xml:40:27-74
action#com.longjingtech.ott.appstore.ui.MainActivity
ADDED from src\main\AndroidManifest.xml:42:17-88
	android:name
		ADDED from src\main\AndroidManifest.xml:42:25-85
category#android.intent.category.DEFAULT
ADDED from src\main\AndroidManifest.xml:44:17-76
	android:name
		ADDED from src\main\AndroidManifest.xml:44:27-73
activity#com.xugaoxiang.ott.appstore.module.appinfo.ApplicationInfoActivity
ADDED from src\main\AndroidManifest.xml:47:9-102
	android:name
		ADDED from src\main\AndroidManifest.xml:47:19-100
uses-sdk
INJECTED from src\main\AndroidManifest.xml reason: use-sdk injection requested
MERGED from [com.android.support:leanback-v17:24.2.1] AndroidManifest.xml:20:5-44
MERGED from [com.android.support:appcompat-v7:24.2.1] AndroidManifest.xml:21:5-23:78
MERGED from [com.android.support:support-v4:24.2.1] AndroidManifest.xml:21:5-23:54
MERGED from [com.android.support:support-fragment:24.2.1] AndroidManifest.xml:21:5-23:60
MERGED from [com.android.support:support-media-compat:24.2.1] AndroidManifest.xml:21:5-23:63
MERGED from [com.android.support:support-core-utils:24.2.1] AndroidManifest.xml:21:5-23:61
MERGED from [com.android.support:animated-vector-drawable:24.2.1] AndroidManifest.xml:20:5-44
MERGED from [com.android.support:support-vector-drawable:24.2.1] AndroidManifest.xml:21:5-43
MERGED from [com.android.support:recyclerview-v7:24.2.1] AndroidManifest.xml:20:5-43
MERGED from [com.android.support:support-core-ui:24.2.1] AndroidManifest.xml:21:5-23:58
MERGED from [com.android.support:support-compat:24.2.1] AndroidManifest.xml:21:5-23:58
MERGED from [de.hdodenhof:circleimageview:2.1.0] AndroidManifest.xml:5:5-7:41
MERGED from [com.lzy.net:okrx:0.1.2] AndroidManifest.xml:8:5-10:41
MERGED from [io.reactivex:rxandroid:1.2.1] AndroidManifest.xml:19:5-43
MERGED from [com.lzy.net:okserver:1.1.2] AndroidManifest.xml:7:5-9:41
MERGED from [com.lzy.net:okgo:2.1.3] AndroidManifest.xml:7:5-9:41
MERGED from [org.litepal.android:core:1.4.0] AndroidManifest.xml:7:5-9:41
MERGED from [com.jakewharton:butterknife:8.4.0] AndroidManifest.xml:5:5-43
	tools:overrideLibrary
		ADDED from [com.android.support:appcompat-v7:24.2.1] AndroidManifest.xml:23:9-75
	android:targetSdkVersion
		INJECTED from src\main\AndroidManifest.xml
		INJECTED from src\main\AndroidManifest.xml
	android:minSdkVersion
		INJECTED from src\main\AndroidManifest.xml
		INJECTED from src\main\AndroidManifest.xml
service#com.lzy.okserver.download.DownloadService
ADDED from [com.lzy.net:okserver:1.1.2] AndroidManifest.xml:12:9-77
	android:name
		ADDED from [com.lzy.net:okserver:1.1.2] AndroidManifest.xml:12:18-74